{"/Users/ekaterina/projects/courses/code-401/auth-server-todo/auth-server/lib/server.js": {"path":"/Users/ekaterina/projects/courses/code-401/auth-server-todo/auth-server/lib/server.js","statementMap":{"0":{"start":{"line":3,"column":16},"end":{"line":3,"column":34}},"1":{"start":{"line":4,"column":13},"end":{"line":4,"column":28}},"2":{"start":{"line":6,"column":19},"end":{"line":6,"column":46}},"3":{"start":{"line":7,"column":20},"end":{"line":7,"column":48}},"4":{"start":{"line":9,"column":12},"end":{"line":9,"column":21}},"5":{"start":{"line":11,"column":0},"end":{"line":11,"column":16}},"6":{"start":{"line":12,"column":0},"end":{"line":12,"column":24}},"7":{"start":{"line":13,"column":0},"end":{"line":13,"column":48}},"8":{"start":{"line":15,"column":0},"end":{"line":15,"column":20}},"9":{"start":{"line":16,"column":0},"end":{"line":16,"column":21}},"10":{"start":{"line":18,"column":0},"end":{"line":23,"column":1}},"11":{"start":{"line":21,"column":4},"end":{"line":21,"column":78}},"12":{"start":{"line":21,"column":27},"end":{"line":21,"column":76}}},"fnMap":{"0":{"name":"(anonymous_0)","decl":{"start":{"line":20,"column":9},"end":{"line":20,"column":10}},"loc":{"start":{"line":20,"column":19},"end":{"line":22,"column":3}},"line":20},"1":{"name":"(anonymous_1)","decl":{"start":{"line":21,"column":21},"end":{"line":21,"column":22}},"loc":{"start":{"line":21,"column":27},"end":{"line":21,"column":76}},"line":21}},"branchMap":{},"s":{"0":1,"1":1,"2":1,"3":1,"4":1,"5":1,"6":1,"7":1,"8":1,"9":1,"10":1,"11":0,"12":0},"f":{"0":0,"1":0},"b":{},"_coverageSchema":"1a1c01bbd47fc00a2c39e90264f33305004495a9","hash":"aabb6168adc17e436dafbf2f56361e9a60998f93"}
,"/Users/ekaterina/projects/courses/code-401/auth-server-todo/auth-server/lib/middlewares/acl.js": {"path":"/Users/ekaterina/projects/courses/code-401/auth-server-todo/auth-server/lib/middlewares/acl.js","statementMap":{"0":{"start":{"line":4,"column":12},"end":{"line":16,"column":1}},"1":{"start":{"line":4,"column":28},"end":{"line":16,"column":1}},"2":{"start":{"line":5,"column":2},"end":{"line":15,"column":3}},"3":{"start":{"line":6,"column":4},"end":{"line":11,"column":5}},"4":{"start":{"line":7,"column":6},"end":{"line":7,"column":13}},"5":{"start":{"line":9,"column":6},"end":{"line":9,"column":28}},"6":{"start":{"line":13,"column":4},"end":{"line":13,"column":47}},"7":{"start":{"line":14,"column":4},"end":{"line":14,"column":26}},"8":{"start":{"line":45,"column":0},"end":{"line":45,"column":21}}},"fnMap":{"0":{"name":"(anonymous_0)","decl":{"start":{"line":4,"column":12},"end":{"line":4,"column":13}},"loc":{"start":{"line":4,"column":28},"end":{"line":16,"column":1}},"line":4},"1":{"name":"(anonymous_1)","decl":{"start":{"line":4,"column":28},"end":{"line":4,"column":29}},"loc":{"start":{"line":4,"column":48},"end":{"line":16,"column":1}},"line":4}},"branchMap":{"0":{"loc":{"start":{"line":6,"column":4},"end":{"line":11,"column":5}},"type":"if","locations":[{"start":{"line":6,"column":4},"end":{"line":11,"column":5}},{"start":{"line":8,"column":11},"end":{"line":11,"column":5}}],"line":6}},"s":{"0":1,"1":5,"2":5,"3":5,"4":5,"5":0,"6":0,"7":0,"8":1},"f":{"0":5,"1":5},"b":{"0":[5,0]},"_coverageSchema":"1a1c01bbd47fc00a2c39e90264f33305004495a9","hash":"91a1fed6876fa1d5c51007617e7eca9567080be9"}
,"/Users/ekaterina/projects/courses/code-401/auth-server-todo/auth-server/lib/middlewares/basic.js": {"path":"/Users/ekaterina/projects/courses/code-401/auth-server-todo/auth-server/lib/middlewares/basic.js","statementMap":{"0":{"start":{"line":3,"column":15},"end":{"line":3,"column":33}},"1":{"start":{"line":4,"column":22},"end":{"line":4,"column":42}},"2":{"start":{"line":8,"column":2},"end":{"line":8,"column":41}},"3":{"start":{"line":9,"column":2},"end":{"line":12,"column":3}},"4":{"start":{"line":10,"column":4},"end":{"line":10,"column":26}},"5":{"start":{"line":11,"column":4},"end":{"line":11,"column":11}},"6":{"start":{"line":14,"column":22},"end":{"line":14,"column":61}},"7":{"start":{"line":15,"column":22},"end":{"line":15,"column":50}},"8":{"start":{"line":16,"column":29},"end":{"line":16,"column":53}},"9":{"start":{"line":17,"column":18},"end":{"line":17,"column":71}},"10":{"start":{"line":18,"column":2},"end":{"line":23,"column":3}},"11":{"start":{"line":19,"column":4},"end":{"line":19,"column":25}},"12":{"start":{"line":20,"column":4},"end":{"line":20,"column":11}},"13":{"start":{"line":22,"column":4},"end":{"line":22,"column":26}},"14":{"start":{"line":26,"column":0},"end":{"line":26,"column":27}}},"fnMap":{"0":{"name":"basicAuth","decl":{"start":{"line":6,"column":15},"end":{"line":6,"column":24}},"loc":{"start":{"line":6,"column":41},"end":{"line":24,"column":1}},"line":6}},"branchMap":{"0":{"loc":{"start":{"line":9,"column":2},"end":{"line":12,"column":3}},"type":"if","locations":[{"start":{"line":9,"column":2},"end":{"line":12,"column":3}},{"start":{},"end":{}}],"line":9},"1":{"loc":{"start":{"line":18,"column":2},"end":{"line":23,"column":3}},"type":"if","locations":[{"start":{"line":18,"column":2},"end":{"line":23,"column":3}},{"start":{"line":21,"column":9},"end":{"line":23,"column":3}}],"line":18}},"s":{"0":1,"1":1,"2":0,"3":0,"4":0,"5":0,"6":0,"7":0,"8":0,"9":0,"10":0,"11":0,"12":0,"13":0,"14":1},"f":{"0":0},"b":{"0":[0,0],"1":[0,0]},"_coverageSchema":"1a1c01bbd47fc00a2c39e90264f33305004495a9","hash":"540c0e7feb892fad2bb4a5de9f2c277d3f7e9564"}
,"/Users/ekaterina/projects/courses/code-401/auth-server-todo/auth-server/lib/middlewares/bearer.js": {"path":"/Users/ekaterina/projects/courses/code-401/auth-server-todo/auth-server/lib/middlewares/bearer.js","statementMap":{"0":{"start":{"line":3,"column":22},"end":{"line":3,"column":42}},"1":{"start":{"line":6,"column":2},"end":{"line":9,"column":3}},"2":{"start":{"line":7,"column":4},"end":{"line":7,"column":26}},"3":{"start":{"line":8,"column":4},"end":{"line":8,"column":11}},"4":{"start":{"line":11,"column":14},"end":{"line":11,"column":53}},"5":{"start":{"line":12,"column":19},"end":{"line":12,"column":59}},"6":{"start":{"line":13,"column":2},"end":{"line":18,"column":3}},"7":{"start":{"line":14,"column":4},"end":{"line":14,"column":26}},"8":{"start":{"line":15,"column":4},"end":{"line":15,"column":11}},"9":{"start":{"line":17,"column":4},"end":{"line":17,"column":26}},"10":{"start":{"line":21,"column":0},"end":{"line":21,"column":28}}},"fnMap":{"0":{"name":"bearerAuth","decl":{"start":{"line":5,"column":15},"end":{"line":5,"column":25}},"loc":{"start":{"line":5,"column":42},"end":{"line":19,"column":1}},"line":5}},"branchMap":{"0":{"loc":{"start":{"line":6,"column":2},"end":{"line":9,"column":3}},"type":"if","locations":[{"start":{"line":6,"column":2},"end":{"line":9,"column":3}},{"start":{},"end":{}}],"line":6},"1":{"loc":{"start":{"line":13,"column":2},"end":{"line":18,"column":3}},"type":"if","locations":[{"start":{"line":13,"column":2},"end":{"line":18,"column":3}},{"start":{"line":16,"column":9},"end":{"line":18,"column":3}}],"line":13}},"s":{"0":1,"1":5,"2":0,"3":0,"4":5,"5":5,"6":5,"7":5,"8":5,"9":0,"10":1},"f":{"0":5},"b":{"0":[0,5],"1":[5,0]},"_coverageSchema":"1a1c01bbd47fc00a2c39e90264f33305004495a9","hash":"2dd225c2964fe78048253df8eee054550c4daf07"}
,"/Users/ekaterina/projects/courses/code-401/auth-server-todo/auth-server/lib/models/Todos.js": {"path":"/Users/ekaterina/projects/courses/code-401/auth-server-todo/auth-server/lib/models/Todos.js","statementMap":{"0":{"start":{"line":3,"column":13},"end":{"line":24,"column":2}},"1":{"start":{"line":3,"column":39},"end":{"line":24,"column":2}},"2":{"start":{"line":26,"column":0},"end":{"line":26,"column":22}}},"fnMap":{"0":{"name":"(anonymous_0)","decl":{"start":{"line":3,"column":13},"end":{"line":3,"column":14}},"loc":{"start":{"line":3,"column":39},"end":{"line":24,"column":2}},"line":3}},"branchMap":{},"s":{"0":1,"1":1,"2":1},"f":{"0":1},"b":{},"_coverageSchema":"1a1c01bbd47fc00a2c39e90264f33305004495a9","hash":"3da1e686d738f2eb9f78ea61d79b140fe112e2aa"}
,"/Users/ekaterina/projects/courses/code-401/auth-server-todo/auth-server/lib/models/User.js": {"path":"/Users/ekaterina/projects/courses/code-401/auth-server-todo/auth-server/lib/models/User.js","statementMap":{"0":{"start":{"line":3,"column":15},"end":{"line":3,"column":32}},"1":{"start":{"line":4,"column":12},"end":{"line":4,"column":35}},"2":{"start":{"line":6,"column":15},"end":{"line":6,"column":64}},"3":{"start":{"line":8,"column":18},"end":{"line":73,"column":1}},"4":{"start":{"line":9,"column":20},"end":{"line":44,"column":4}},"5":{"start":{"line":28,"column":8},"end":{"line":28,"column":94}},"6":{"start":{"line":34,"column":21},"end":{"line":39,"column":9}},"7":{"start":{"line":41,"column":8},"end":{"line":41,"column":31}},"8":{"start":{"line":47,"column":2},"end":{"line":50,"column":5}},"9":{"start":{"line":49,"column":4},"end":{"line":49,"column":57}},"10":{"start":{"line":52,"column":2},"end":{"line":60,"column":3}},"11":{"start":{"line":53,"column":21},"end":{"line":53,"column":63}},"12":{"start":{"line":54,"column":16},"end":{"line":54,"column":67}},"13":{"start":{"line":55,"column":4},"end":{"line":59,"column":5}},"14":{"start":{"line":56,"column":6},"end":{"line":56,"column":24}},"15":{"start":{"line":58,"column":6},"end":{"line":58,"column":45}},"16":{"start":{"line":62,"column":2},"end":{"line":70,"column":3}},"17":{"start":{"line":63,"column":22},"end":{"line":63,"column":47}},"18":{"start":{"line":64,"column":22},"end":{"line":64,"column":80}},"19":{"start":{"line":65,"column":4},"end":{"line":69,"column":5}},"20":{"start":{"line":66,"column":6},"end":{"line":66,"column":23}},"21":{"start":{"line":68,"column":6},"end":{"line":68,"column":39}},"22":{"start":{"line":72,"column":2},"end":{"line":72,"column":19}},"23":{"start":{"line":76,"column":0},"end":{"line":76,"column":27}}},"fnMap":{"0":{"name":"(anonymous_0)","decl":{"start":{"line":8,"column":18},"end":{"line":8,"column":19}},"loc":{"start":{"line":8,"column":44},"end":{"line":73,"column":1}},"line":8},"1":{"name":"(anonymous_1)","decl":{"start":{"line":26,"column":6},"end":{"line":26,"column":7}},"loc":{"start":{"line":26,"column":12},"end":{"line":29,"column":7}},"line":26},"2":{"name":"(anonymous_2)","decl":{"start":{"line":33,"column":6},"end":{"line":33,"column":7}},"loc":{"start":{"line":33,"column":12},"end":{"line":42,"column":7}},"line":33},"3":{"name":"(anonymous_3)","decl":{"start":{"line":47,"column":25},"end":{"line":47,"column":26}},"loc":{"start":{"line":47,"column":41},"end":{"line":50,"column":3}},"line":47},"4":{"name":"(anonymous_4)","decl":{"start":{"line":52,"column":32},"end":{"line":52,"column":33}},"loc":{"start":{"line":52,"column":68},"end":{"line":60,"column":3}},"line":52},"5":{"name":"(anonymous_5)","decl":{"start":{"line":62,"column":32},"end":{"line":62,"column":33}},"loc":{"start":{"line":62,"column":55},"end":{"line":70,"column":3}},"line":62}},"branchMap":{"0":{"loc":{"start":{"line":6,"column":15},"end":{"line":6,"column":64}},"type":"binary-expr","locations":[{"start":{"line":6,"column":15},"end":{"line":6,"column":39}},{"start":{"line":6,"column":43},"end":{"line":6,"column":64}}],"line":6},"1":{"loc":{"start":{"line":55,"column":4},"end":{"line":59,"column":5}},"type":"if","locations":[{"start":{"line":55,"column":4},"end":{"line":59,"column":5}},{"start":{"line":57,"column":11},"end":{"line":59,"column":5}}],"line":55},"2":{"loc":{"start":{"line":65,"column":4},"end":{"line":69,"column":5}},"type":"if","locations":[{"start":{"line":65,"column":4},"end":{"line":69,"column":5}},{"start":{"line":67,"column":11},"end":{"line":69,"column":5}}],"line":65}},"s":{"0":1,"1":1,"2":1,"3":1,"4":1,"5":10,"6":15,"7":15,"8":1,"9":5,"10":1,"11":0,"12":0,"13":0,"14":0,"15":0,"16":1,"17":5,"18":5,"19":5,"20":5,"21":0,"22":1,"23":1},"f":{"0":1,"1":10,"2":15,"3":5,"4":0,"5":5},"b":{"0":[1,1],"1":[0,0],"2":[5,0]},"_coverageSchema":"1a1c01bbd47fc00a2c39e90264f33305004495a9","hash":"30acc0adf484ed6040083ddebfe0689136c60696"}
,"/Users/ekaterina/projects/courses/code-401/auth-server-todo/auth-server/lib/models/index.js": {"path":"/Users/ekaterina/projects/courses/code-401/auth-server-todo/auth-server/lib/models/index.js","statementMap":{"0":{"start":{"line":3,"column":33},"end":{"line":3,"column":53}},"1":{"start":{"line":4,"column":13},"end":{"line":4,"column":33}},"2":{"start":{"line":5,"column":14},"end":{"line":5,"column":35}},"3":{"start":{"line":7,"column":26},"end":{"line":7,"column":79}},"4":{"start":{"line":10,"column":16},"end":{"line":10,"column":48}},"5":{"start":{"line":14,"column":0},"end":{"line":18,"column":1}}},"fnMap":{},"branchMap":{"0":{"loc":{"start":{"line":7,"column":26},"end":{"line":7,"column":79}},"type":"binary-expr","locations":[{"start":{"line":7,"column":26},"end":{"line":7,"column":59}},{"start":{"line":7,"column":63},"end":{"line":7,"column":79}}],"line":7}},"s":{"0":1,"1":1,"2":1,"3":1,"4":1,"5":1},"f":{},"b":{"0":[1,1]},"_coverageSchema":"1a1c01bbd47fc00a2c39e90264f33305004495a9","hash":"4069a038f6a90fb8d98eca1504c8240ae2f0796a"}
,"/Users/ekaterina/projects/courses/code-401/auth-server-todo/auth-server/lib/routes/auth.js": {"path":"/Users/ekaterina/projects/courses/code-401/auth-server-todo/auth-server/lib/routes/auth.js","statementMap":{"0":{"start":{"line":3,"column":16},"end":{"line":3,"column":34}},"1":{"start":{"line":4,"column":15},"end":{"line":4,"column":31}},"2":{"start":{"line":5,"column":18},"end":{"line":5,"column":52}},"3":{"start":{"line":6,"column":22},"end":{"line":6,"column":42}},"4":{"start":{"line":8,"column":0},"end":{"line":17,"column":3}},"5":{"start":{"line":9,"column":2},"end":{"line":16,"column":3}},"6":{"start":{"line":10,"column":4},"end":{"line":10,"column":26}},"7":{"start":{"line":11,"column":18},"end":{"line":11,"column":50}},"8":{"start":{"line":12,"column":4},"end":{"line":12,"column":34}},"9":{"start":{"line":14,"column":4},"end":{"line":14,"column":54}},"10":{"start":{"line":15,"column":4},"end":{"line":15,"column":40}},"11":{"start":{"line":19,"column":0},"end":{"line":21,"column":3}},"12":{"start":{"line":20,"column":2},"end":{"line":20,"column":33}},"13":{"start":{"line":23,"column":0},"end":{"line":23,"column":24}}},"fnMap":{"0":{"name":"(anonymous_0)","decl":{"start":{"line":8,"column":23},"end":{"line":8,"column":24}},"loc":{"start":{"line":8,"column":43},"end":{"line":17,"column":1}},"line":8},"1":{"name":"(anonymous_1)","decl":{"start":{"line":19,"column":34},"end":{"line":19,"column":35}},"loc":{"start":{"line":19,"column":48},"end":{"line":21,"column":1}},"line":19}},"branchMap":{},"s":{"0":1,"1":1,"2":1,"3":1,"4":1,"5":0,"6":0,"7":0,"8":0,"9":0,"10":0,"11":1,"12":0,"13":1},"f":{"0":0,"1":0},"b":{},"_coverageSchema":"1a1c01bbd47fc00a2c39e90264f33305004495a9","hash":"fa202765eadd83e95e2c6507215fb27de045cbe7"}
,"/Users/ekaterina/projects/courses/code-401/auth-server-todo/auth-server/lib/routes/todos.js": {"path":"/Users/ekaterina/projects/courses/code-401/auth-server-todo/auth-server/lib/routes/todos.js","statementMap":{"0":{"start":{"line":3,"column":16},"end":{"line":3,"column":34}},"1":{"start":{"line":4,"column":15},"end":{"line":4,"column":50}},"2":{"start":{"line":5,"column":12},"end":{"line":5,"column":44}},"3":{"start":{"line":6,"column":22},"end":{"line":6,"column":51}},"4":{"start":{"line":7,"column":15},"end":{"line":7,"column":31}},"5":{"start":{"line":9,"column":0},"end":{"line":17,"column":3}},"6":{"start":{"line":10,"column":2},"end":{"line":16,"column":3}},"7":{"start":{"line":11,"column":16},"end":{"line":11,"column":43}},"8":{"start":{"line":12,"column":4},"end":{"line":12,"column":32}},"9":{"start":{"line":14,"column":4},"end":{"line":14,"column":19}},"10":{"start":{"line":15,"column":4},"end":{"line":15,"column":12}},"11":{"start":{"line":18,"column":0},"end":{"line":26,"column":3}},"12":{"start":{"line":19,"column":2},"end":{"line":25,"column":3}},"13":{"start":{"line":20,"column":15},"end":{"line":20,"column":71}},"14":{"start":{"line":21,"column":4},"end":{"line":21,"column":31}},"15":{"start":{"line":23,"column":4},"end":{"line":23,"column":19}},"16":{"start":{"line":24,"column":4},"end":{"line":24,"column":12}},"17":{"start":{"line":27,"column":0},"end":{"line":35,"column":3}},"18":{"start":{"line":28,"column":2},"end":{"line":34,"column":3}},"19":{"start":{"line":29,"column":15},"end":{"line":29,"column":47}},"20":{"start":{"line":30,"column":4},"end":{"line":30,"column":31}},"21":{"start":{"line":32,"column":4},"end":{"line":32,"column":19}},"22":{"start":{"line":33,"column":4},"end":{"line":33,"column":12}},"23":{"start":{"line":36,"column":0},"end":{"line":44,"column":3}},"24":{"start":{"line":37,"column":2},"end":{"line":43,"column":3}},"25":{"start":{"line":38,"column":15},"end":{"line":38,"column":70}},"26":{"start":{"line":39,"column":4},"end":{"line":39,"column":32}},"27":{"start":{"line":40,"column":4},"end":{"line":40,"column":31}},"28":{"start":{"line":42,"column":4},"end":{"line":42,"column":12}},"29":{"start":{"line":45,"column":0},"end":{"line":53,"column":3}},"30":{"start":{"line":46,"column":2},"end":{"line":52,"column":3}},"31":{"start":{"line":47,"column":4},"end":{"line":47,"column":60}},"32":{"start":{"line":48,"column":4},"end":{"line":48,"column":24}},"33":{"start":{"line":50,"column":4},"end":{"line":50,"column":19}},"34":{"start":{"line":51,"column":4},"end":{"line":51,"column":12}},"35":{"start":{"line":55,"column":0},"end":{"line":55,"column":24}}},"fnMap":{"0":{"name":"(anonymous_0)","decl":{"start":{"line":9,"column":41},"end":{"line":9,"column":42}},"loc":{"start":{"line":9,"column":67},"end":{"line":17,"column":1}},"line":9},"1":{"name":"(anonymous_1)","decl":{"start":{"line":18,"column":45},"end":{"line":18,"column":46}},"loc":{"start":{"line":18,"column":71},"end":{"line":26,"column":1}},"line":18},"2":{"name":"(anonymous_2)","decl":{"start":{"line":27,"column":44},"end":{"line":27,"column":45}},"loc":{"start":{"line":27,"column":70},"end":{"line":35,"column":1}},"line":27},"3":{"name":"(anonymous_3)","decl":{"start":{"line":36,"column":47},"end":{"line":36,"column":48}},"loc":{"start":{"line":36,"column":73},"end":{"line":44,"column":1}},"line":36},"4":{"name":"(anonymous_4)","decl":{"start":{"line":45,"column":50},"end":{"line":45,"column":51}},"loc":{"start":{"line":45,"column":76},"end":{"line":53,"column":1}},"line":45}},"branchMap":{},"s":{"0":1,"1":1,"2":1,"3":1,"4":1,"5":1,"6":1,"7":1,"8":1,"9":0,"10":0,"11":1,"12":1,"13":1,"14":1,"15":0,"16":0,"17":1,"18":1,"19":1,"20":1,"21":0,"22":0,"23":1,"24":1,"25":1,"26":1,"27":1,"28":0,"29":1,"30":1,"31":1,"32":1,"33":0,"34":0,"35":1},"f":{"0":1,"1":1,"2":1,"3":1,"4":1},"b":{},"_coverageSchema":"1a1c01bbd47fc00a2c39e90264f33305004495a9","hash":"f78d2cc767c92cbbe5293d06160f290eda2f9bdf"}
}
