TN:
SF:lib/server.js
FN:20,(anonymous_0)
FN:21,(anonymous_1)
FNF:2
FNH:0
FNDA:0,(anonymous_0)
FNDA:0,(anonymous_1)
DA:3,1
DA:4,1
DA:6,1
DA:7,1
DA:9,1
DA:11,1
DA:12,1
DA:13,1
DA:15,1
DA:16,1
DA:18,1
DA:21,0
LF:12
LH:11
BRF:0
BRH:0
end_of_record
TN:
SF:lib/middlewares/acl.js
FN:4,(anonymous_0)
FN:4,(anonymous_1)
FNF:2
FNH:2
FNDA:5,(anonymous_0)
FNDA:5,(anonymous_1)
DA:4,5
DA:5,5
DA:6,5
DA:7,5
DA:9,0
DA:13,0
DA:14,0
DA:45,1
LF:8
LH:5
BRDA:6,0,0,5
BRDA:6,0,1,0
BRF:2
BRH:1
end_of_record
TN:
SF:lib/middlewares/basic.js
FN:6,basicAuth
FNF:1
FNH:0
FNDA:0,basicAuth
DA:3,1
DA:4,1
DA:8,0
DA:9,0
DA:10,0
DA:11,0
DA:14,0
DA:15,0
DA:16,0
DA:17,0
DA:18,0
DA:19,0
DA:20,0
DA:22,0
DA:26,1
LF:15
LH:3
BRDA:9,0,0,0
BRDA:9,0,1,0
BRDA:18,1,0,0
BRDA:18,1,1,0
BRF:4
BRH:0
end_of_record
TN:
SF:lib/middlewares/bearer.js
FN:5,bearerAuth
FNF:1
FNH:1
FNDA:5,bearerAuth
DA:3,1
DA:6,5
DA:7,0
DA:8,0
DA:11,5
DA:12,5
DA:13,5
DA:14,5
DA:15,5
DA:17,0
DA:21,1
LF:11
LH:8
BRDA:6,0,0,0
BRDA:6,0,1,5
BRDA:13,1,0,5
BRDA:13,1,1,0
BRF:4
BRH:2
end_of_record
TN:
SF:lib/models/Todos.js
FN:3,(anonymous_0)
FNF:1
FNH:1
FNDA:1,(anonymous_0)
DA:3,1
DA:26,1
LF:2
LH:2
BRF:0
BRH:0
end_of_record
TN:
SF:lib/models/User.js
FN:8,(anonymous_0)
FN:26,(anonymous_1)
FN:33,(anonymous_2)
FN:47,(anonymous_3)
FN:52,(anonymous_4)
FN:62,(anonymous_5)
FNF:6
FNH:5
FNDA:1,(anonymous_0)
FNDA:10,(anonymous_1)
FNDA:15,(anonymous_2)
FNDA:5,(anonymous_3)
FNDA:0,(anonymous_4)
FNDA:5,(anonymous_5)
DA:3,1
DA:4,1
DA:6,1
DA:8,1
DA:9,1
DA:28,10
DA:34,15
DA:41,15
DA:47,1
DA:49,5
DA:52,1
DA:53,0
DA:54,0
DA:55,0
DA:56,0
DA:58,0
DA:62,1
DA:63,5
DA:64,5
DA:65,5
DA:66,5
DA:68,0
DA:72,1
DA:76,1
LF:24
LH:18
BRDA:6,0,0,1
BRDA:6,0,1,1
BRDA:55,1,0,0
BRDA:55,1,1,0
BRDA:65,2,0,5
BRDA:65,2,1,0
BRF:6
BRH:3
end_of_record
TN:
SF:lib/models/index.js
FNF:0
FNH:0
DA:3,1
DA:4,1
DA:5,1
DA:7,1
DA:10,1
DA:14,1
LF:6
LH:6
BRDA:7,0,0,1
BRDA:7,0,1,1
BRF:2
BRH:2
end_of_record
TN:
SF:lib/routes/auth.js
FN:8,(anonymous_0)
FN:19,(anonymous_1)
FNF:2
FNH:0
FNDA:0,(anonymous_0)
FNDA:0,(anonymous_1)
DA:3,1
DA:4,1
DA:5,1
DA:6,1
DA:8,1
DA:9,0
DA:10,0
DA:11,0
DA:12,0
DA:14,0
DA:15,0
DA:19,1
DA:20,0
DA:23,1
LF:14
LH:7
BRF:0
BRH:0
end_of_record
TN:
SF:lib/routes/todos.js
FN:9,(anonymous_0)
FN:18,(anonymous_1)
FN:27,(anonymous_2)
FN:36,(anonymous_3)
FN:45,(anonymous_4)
FNF:5
FNH:5
FNDA:1,(anonymous_0)
FNDA:1,(anonymous_1)
FNDA:1,(anonymous_2)
FNDA:1,(anonymous_3)
FNDA:1,(anonymous_4)
DA:3,1
DA:4,1
DA:5,1
DA:6,1
DA:7,1
DA:9,1
DA:10,1
DA:11,1
DA:12,1
DA:14,0
DA:15,0
DA:18,1
DA:19,1
DA:20,1
DA:21,1
DA:23,0
DA:24,0
DA:27,1
DA:28,1
DA:29,1
DA:30,1
DA:32,0
DA:33,0
DA:36,1
DA:37,1
DA:38,1
DA:39,1
DA:40,1
DA:42,0
DA:45,1
DA:46,1
DA:47,1
DA:48,1
DA:50,0
DA:51,0
DA:55,1
LF:36
LH:27
BRF:0
BRH:0
end_of_record
